This file contains any messages produced by compilers while
running configure, to aid debugging if configure makes a mistake.

It was created by DAW_Demo configure v1.3, which was
generated by GNU Autoconf 2.69.  Invocation command line was

  $ ./configure 

## --------- ##
## Platform. ##
## --------- ##

hostname = daq-RH411
uname -m = x86_64
uname -r = 5.15.0-144-generic
uname -s = Linux
uname -v = #157~20.04.1-Ubuntu SMP Tue Jun 24 14:45:39 UTC 2025

/usr/bin/uname -p = x86_64
/bin/uname -X     = unknown

/bin/arch              = x86_64
/usr/bin/arch -k       = unknown
/usr/convex/getsysinfo = unknown
/usr/bin/hostinfo      = unknown
/bin/machine           = unknown
/usr/bin/oslevel       = unknown
/bin/universe          = unknown

PATH: /home/wxy/anaconda3/envs/py12/bin
PATH: /home/daq/.local/bin
PATH: /home/daq/anaconda3/condabin
PATH: /home/ROOT/root/bin
PATH: /home/daq/geant4_workdir/bin/Linux-g++
PATH: /home/Geant4/install/bin
PATH: /home/Geant4/install/bin
PATH: /home/Qt5/5.14.2/gcc_64/bin
PATH: /usr/local/sbin
PATH: /usr/local/bin
PATH: /usr/sbin
PATH: /usr/bin
PATH: /sbin
PATH: /bin
PATH: /usr/games
PATH: /usr/local/games
PATH: /snap/bin


## ----------- ##
## Core tests. ##
## ----------- ##

configure:2084: checking for a BSD-compatible install
configure:2152: result: /usr/bin/install -c
configure:2163: checking whether build environment is sane
configure:2218: result: yes
configure:2367: checking for a thread-safe mkdir -p
configure:2406: result: /usr/bin/mkdir -p
configure:2413: checking for gawk
configure:2443: result: no
configure:2413: checking for mawk
configure:2429: found /usr/bin/mawk
configure:2440: result: mawk
configure:2451: checking whether make sets $(MAKE)
configure:2473: result: yes
configure:2502: checking whether make supports nested variables
configure:2519: result: yes
configure:2608: checking whether UID '1000' is supported by ustar format
configure:2611: result: yes
configure:2618: checking whether GID '1000' is supported by ustar format
configure:2621: result: yes
configure:2629: checking how to create a ustar tar archive
configure:2640: tar --version
tar (GNU tar) 1.30
Copyright (C) 2017 Free Software Foundation, Inc.
License GPLv3+: GNU GPL version 3 or later <https://gnu.org/licenses/gpl.html>.
This is free software: you are free to change and redistribute it.
There is NO WARRANTY, to the extent permitted by law.

Written by John Gilmore and Jay Fenlason.
configure:2643: $? = 0
configure:2683: tardir=conftest.dir && eval tar --format=ustar -chf - "$tardir" >conftest.tar
configure:2686: $? = 0
configure:2690: tar -xf - <conftest.tar
configure:2693: $? = 0
configure:2695: cat conftest.dir/file
GrepMe
configure:2698: $? = 0
configure:2711: result: gnutar
configure:2810: checking for gcc
configure:2826: found /usr/bin/gcc
configure:2837: result: gcc
configure:3066: checking for C compiler version
configure:3075: gcc --version >&5
gcc (Ubuntu 9.4.0-1ubuntu1~20.04.2) 9.4.0
Copyright (C) 2019 Free Software Foundation, Inc.
This is free software; see the source for copying conditions.  There is NO
warranty; not even for MERCHANTABILITY or FITNESS FOR A PARTICULAR PURPOSE.

configure:3086: $? = 0
configure:3075: gcc -v >&5
Using built-in specs.
COLLECT_GCC=gcc
COLLECT_LTO_WRAPPER=/usr/lib/gcc/x86_64-linux-gnu/9/lto-wrapper
OFFLOAD_TARGET_NAMES=nvptx-none:hsa
OFFLOAD_TARGET_DEFAULT=1
Target: x86_64-linux-gnu
Configured with: ../src/configure -v --with-pkgversion='Ubuntu 9.4.0-1ubuntu1~20.04.2' --with-bugurl=file:///usr/share/doc/gcc-9/README.Bugs --enable-languages=c,ada,c++,go,brig,d,fortran,objc,obj-c++,gm2 --prefix=/usr --with-gcc-major-version-only --program-suffix=-9 --program-prefix=x86_64-linux-gnu- --enable-shared --enable-linker-build-id --libexecdir=/usr/lib --without-included-gettext --enable-threads=posix --libdir=/usr/lib --enable-nls --enable-clocale=gnu --enable-libstdcxx-debug --enable-libstdcxx-time=yes --with-default-libstdcxx-abi=new --enable-gnu-unique-object --disable-vtable-verify --enable-plugin --enable-default-pie --with-system-zlib --with-target-system-zlib=auto --enable-objc-gc=auto --enable-multiarch --disable-werror --with-arch-32=i686 --with-abi=m64 --with-multilib-list=m32,m64,mx32 --enable-multilib --with-tune=generic --enable-offload-targets=nvptx-none=/build/gcc-9-9QDOt0/gcc-9-9.4.0/debian/tmp-nvptx/usr,hsa --without-cuda-driver --enable-checking=release --build=x86_64-linux-gnu --host=x86_64-linux-gnu --target=x86_64-linux-gnu
Thread model: posix
gcc version 9.4.0 (Ubuntu 9.4.0-1ubuntu1~20.04.2) 
configure:3086: $? = 0
configure:3075: gcc -V >&5
gcc: error: unrecognized command line option '-V'
gcc: fatal error: no input files
compilation terminated.
configure:3086: $? = 1
configure:3075: gcc -qversion >&5
gcc: error: unrecognized command line option '-qversion'; did you mean '--version'?
gcc: fatal error: no input files
compilation terminated.
configure:3086: $? = 1
configure:3106: checking whether the C compiler works
configure:3128: gcc    conftest.c  >&5
configure:3132: $? = 0
configure:3180: result: yes
configure:3183: checking for C compiler default output file name
configure:3185: result: a.out
configure:3191: checking for suffix of executables
configure:3198: gcc -o conftest    conftest.c  >&5
configure:3202: $? = 0
configure:3224: result: 
configure:3246: checking whether we are cross compiling
configure:3254: gcc -o conftest    conftest.c  >&5
configure:3258: $? = 0
configure:3265: ./conftest
configure:3269: $? = 0
configure:3257: result: no
configure:3262: checking for suffix of object files
configure:3284: gcc -c   conftest.c >&5
configure:3288: $? = 0
configure:3309: result: o
configure:3313: checking whether we are using the GNU C compiler
configure:3332: gcc -c   conftest.c >&5
configure:3332: $? = 0
configure:3341: result: yes
configure:3350: checking whether gcc accepts -g
configure:3370: gcc -c -g  conftest.c >&5
configure:3370: $? = 0
configure:3411: result: yes
configure:3428: checking for gcc option to accept ISO C89
configure:3491: gcc  -c -g -O2  conftest.c >&5
configure:3491: $? = 0
configure:3504: result: none needed
configure:3529: checking whether gcc understands -c and -o together
configure:3551: gcc -c conftest.c -o conftest2.o
configure:3554: $? = 0
configure:3551: gcc -c conftest.c -o conftest2.o
configure:3554: $? = 0
configure:3566: result: yes
configure:3586: checking whether make supports the include directive
configure:3601: make -f confmf.GNU && cat confinc.out
this is the am__doit target
configure:3604: $? = 0
configure:3623: result: yes (GNU style)
configure:3648: checking dependency style of gcc
configure:3759: result: gcc3
configure:3785: checking how to run the C preprocessor
configure:3816: gcc -E  conftest.c
configure:3816: $? = 0
configure:3830: gcc -E  conftest.c
conftest.c:12:10: fatal error: ac_nonexistent.h: No such file or directory
   12 | #include <ac_nonexistent.h>
      |          ^~~~~~~~~~~~~~~~~~
compilation terminated.
configure:3830: $? = 1
configure: failed program was:
| /* confdefs.h */
| #define PACKAGE_NAME "DAW_Demo"
| #define PACKAGE_TARNAME "daw_demo"
| #define PACKAGE_VERSION "v1.3"
| #define PACKAGE_STRING "DAW_Demo v1.3"
| #define PACKAGE_BUGREPORT "support.computing@caen.it"
| #define PACKAGE_URL ""
| #define PACKAGE "daw_demo"
| #define VERSION "v1.3"
| #define LINUX 1
| /* end confdefs.h.  */
| #include <ac_nonexistent.h>
configure:3855: result: gcc -E
configure:3875: gcc -E  conftest.c
configure:3875: $? = 0
configure:3889: gcc -E  conftest.c
conftest.c:12:10: fatal error: ac_nonexistent.h: No such file or directory
   12 | #include <ac_nonexistent.h>
      |          ^~~~~~~~~~~~~~~~~~
compilation terminated.
configure:3889: $? = 1
configure: failed program was:
| /* confdefs.h */
| #define PACKAGE_NAME "DAW_Demo"
| #define PACKAGE_TARNAME "daw_demo"
| #define PACKAGE_VERSION "v1.3"
| #define PACKAGE_STRING "DAW_Demo v1.3"
| #define PACKAGE_BUGREPORT "support.computing@caen.it"
| #define PACKAGE_URL ""
| #define PACKAGE "daw_demo"
| #define VERSION "v1.3"
| #define LINUX 1
| /* end confdefs.h.  */
| #include <ac_nonexistent.h>
configure:3918: checking for grep that handles long lines and -e
configure:3976: result: /usr/bin/grep
configure:3981: checking for egrep
configure:4043: result: /usr/bin/grep -E
configure:4048: checking for ANSI C header files
configure:4068: gcc -c -g -O2  conftest.c >&5
configure:4068: $? = 0
configure:4141: gcc -o conftest -g -O2   conftest.c  >&5
configure:4141: $? = 0
configure:4141: ./conftest
configure:4141: $? = 0
configure:4152: result: yes
configure:4165: checking for sys/types.h
configure:4165: gcc -c -g -O2  conftest.c >&5
configure:4165: $? = 0
configure:4165: result: yes
configure:4165: checking for sys/stat.h
configure:4165: gcc -c -g -O2  conftest.c >&5
configure:4165: $? = 0
configure:4165: result: yes
configure:4165: checking for stdlib.h
configure:4165: gcc -c -g -O2  conftest.c >&5
configure:4165: $? = 0
configure:4165: result: yes
configure:4165: checking for string.h
configure:4165: gcc -c -g -O2  conftest.c >&5
configure:4165: $? = 0
configure:4165: result: yes
configure:4165: checking for memory.h
configure:4165: gcc -c -g -O2  conftest.c >&5
configure:4165: $? = 0
configure:4165: result: yes
configure:4165: checking for strings.h
configure:4165: gcc -c -g -O2  conftest.c >&5
configure:4165: $? = 0
configure:4165: result: yes
configure:4165: checking for inttypes.h
configure:4165: gcc -c -g -O2  conftest.c >&5
configure:4165: $? = 0
configure:4165: result: yes
configure:4165: checking for stdint.h
configure:4165: gcc -c -g -O2  conftest.c >&5
configure:4165: $? = 0
configure:4165: result: yes
configure:4165: checking for unistd.h
configure:4165: gcc -c -g -O2  conftest.c >&5
configure:4165: $? = 0
configure:4165: result: yes
configure:4177: checking CAENDigitizer.h usability
configure:4177: gcc -c -g -O2  conftest.c >&5
configure:4177: $? = 0
configure:4177: result: yes
configure:4177: checking CAENDigitizer.h presence
configure:4177: gcc -E  conftest.c
configure:4177: $? = 0
configure:4177: result: yes
configure:4177: checking for CAENDigitizer.h
configure:4177: result: yes
configure:4192: checking for gnuplot
configure:4208: found /usr/bin/gnuplot
configure:4220: result: ok
configure:4378: checking that generated files are newer than configure
configure:4384: result: done
configure:4407: creating ./config.status

## ---------------------- ##
## Running config.status. ##
## ---------------------- ##

This file was extended by DAW_Demo config.status v1.3, which was
generated by GNU Autoconf 2.69.  Invocation command line was

  CONFIG_FILES    = 
  CONFIG_HEADERS  = 
  CONFIG_LINKS    = 
  CONFIG_COMMANDS = 
  $ ./config.status 

on daq-RH411

config.status:775: creating Makefile
config.status:775: creating src/Makefile
config.status:947: executing depfiles commands
config.status:1024: cd src       && sed -e '/# am--include-marker/d' Makefile         | make -f - am--depfiles
make: Nothing to be done for 'am--depfiles'.
config.status:1029: $? = 0

## ---------------- ##
## Cache variables. ##
## ---------------- ##

ac_cv_c_compiler_gnu=yes
ac_cv_env_CC_set=
ac_cv_env_CC_value=
ac_cv_env_CFLAGS_set=
ac_cv_env_CFLAGS_value=
ac_cv_env_CPPFLAGS_set=
ac_cv_env_CPPFLAGS_value=
ac_cv_env_CPP_set=
ac_cv_env_CPP_value=
ac_cv_env_LDFLAGS_set=
ac_cv_env_LDFLAGS_value=
ac_cv_env_LIBS_set=
ac_cv_env_LIBS_value=
ac_cv_env_build_alias_set=
ac_cv_env_build_alias_value=
ac_cv_env_host_alias_set=
ac_cv_env_host_alias_value=
ac_cv_env_target_alias_set=
ac_cv_env_target_alias_value=
ac_cv_header_CAENDigitizer_h=yes
ac_cv_header_inttypes_h=yes
ac_cv_header_memory_h=yes
ac_cv_header_stdc=yes
ac_cv_header_stdint_h=yes
ac_cv_header_stdlib_h=yes
ac_cv_header_string_h=yes
ac_cv_header_strings_h=yes
ac_cv_header_sys_stat_h=yes
ac_cv_header_sys_types_h=yes
ac_cv_header_unistd_h=yes
ac_cv_objext=o
ac_cv_path_EGREP='/usr/bin/grep -E'
ac_cv_path_GREP=/usr/bin/grep
ac_cv_path_install='/usr/bin/install -c'
ac_cv_path_mkdir=/usr/bin/mkdir
ac_cv_prog_AWK=mawk
ac_cv_prog_CPP='gcc -E'
ac_cv_prog_GNUPLOT=ok
ac_cv_prog_ac_ct_CC=gcc
ac_cv_prog_cc_c89=
ac_cv_prog_cc_g=yes
ac_cv_prog_make_make_set=yes
am_cv_CC_dependencies_compiler_type=gcc3
am_cv_make_support_nested_variables=yes
am_cv_prog_cc_c_o=yes
am_cv_prog_tar_ustar=gnutar

## ----------------- ##
## Output variables. ##
## ----------------- ##

ACLOCAL='${SHELL} /home/daq/DAQ_DEMO/daw_demo-v1.3-2/src/missing aclocal-1.16'
AMDEPBACKSLASH='\'
AMDEP_FALSE='#'
AMDEP_TRUE=''
AMTAR='$${TAR-tar}'
AM_BACKSLASH='\'
AM_DEFAULT_V='$(AM_DEFAULT_VERBOSITY)'
AM_DEFAULT_VERBOSITY='1'
AM_V='$(V)'
AUTOCONF='${SHELL} /home/daq/DAQ_DEMO/daw_demo-v1.3-2/src/missing autoconf'
AUTOHEADER='${SHELL} /home/daq/DAQ_DEMO/daw_demo-v1.3-2/src/missing autoheader'
AUTOMAKE='${SHELL} /home/daq/DAQ_DEMO/daw_demo-v1.3-2/src/missing automake-1.16'
AWK='mawk'
CC='gcc'
CCDEPMODE='depmode=gcc3'
CFLAGS='-g -O2'
CPP='gcc -E'
CPPFLAGS=''
CYGPATH_W='echo'
DEFS='-DPACKAGE_NAME=\"DAW_Demo\" -DPACKAGE_TARNAME=\"daw_demo\" -DPACKAGE_VERSION=\"v1.3\" -DPACKAGE_STRING=\"DAW_Demo\ v1.3\" -DPACKAGE_BUGREPORT=\"support.computing@caen.it\" -DPACKAGE_URL=\"\" -DPACKAGE=\"daw_demo\" -DVERSION=\"v1.3\" -DLINUX=1 -DSTDC_HEADERS=1 -DHAVE_SYS_TYPES_H=1 -DHAVE_SYS_STAT_H=1 -DHAVE_STDLIB_H=1 -DHAVE_STRING_H=1 -DHAVE_MEMORY_H=1 -DHAVE_STRINGS_H=1 -DHAVE_INTTYPES_H=1 -DHAVE_STDINT_H=1 -DHAVE_UNISTD_H=1'
DEPDIR='.deps'
ECHO_C=''
ECHO_N='-n'
ECHO_T=''
EGREP='/usr/bin/grep -E'
EXEEXT=''
GNUPLOT='ok'
GREP='/usr/bin/grep'
INSTALL_DATA='${INSTALL} -m 644'
INSTALL_PROGRAM='${INSTALL}'
INSTALL_SCRIPT='${INSTALL}'
INSTALL_STRIP_PROGRAM='$(install_sh) -c -s'
LDFLAGS=''
LIBOBJS=''
LIBS=''
LTLIBOBJS=''
MAKEINFO='${SHELL} /home/daq/DAQ_DEMO/daw_demo-v1.3-2/src/missing makeinfo'
MKDIR_P='/usr/bin/mkdir -p'
OBJEXT='o'
PACKAGE='daw_demo'
PACKAGE_BUGREPORT='support.computing@caen.it'
PACKAGE_NAME='DAW_Demo'
PACKAGE_STRING='DAW_Demo v1.3'
PACKAGE_TARNAME='daw_demo'
PACKAGE_URL=''
PACKAGE_VERSION='v1.3'
PATH_SEPARATOR=':'
SET_MAKE=''
SHELL='/bin/bash'
STRIP=''
VERSION='v1.3'
ac_ct_CC='gcc'
am__EXEEXT_FALSE=''
am__EXEEXT_TRUE='#'
am__fastdepCC_FALSE='#'
am__fastdepCC_TRUE=''
am__include='include'
am__isrc=''
am__leading_dot='.'
am__nodep='_no'
am__quote=''
am__tar='tar --format=ustar -chf - "$$tardir"'
am__untar='tar -xf -'
bindir='${exec_prefix}/bin'
build_alias=''
datadir='${datarootdir}'
datarootdir='${prefix}/share'
docdir='${datarootdir}/doc/${PACKAGE_TARNAME}'
dvidir='${docdir}'
exec_prefix='${prefix}'
host_alias=''
htmldir='${docdir}'
includedir='${prefix}/include'
infodir='${datarootdir}/info'
install_sh='${SHELL} /home/daq/DAQ_DEMO/daw_demo-v1.3-2/src/install-sh'
libdir='${exec_prefix}/lib'
libexecdir='${exec_prefix}/libexec'
localedir='${datarootdir}/locale'
localstatedir='${prefix}/var'
mandir='${datarootdir}/man'
mkdir_p='$(MKDIR_P)'
oldincludedir='/usr/include'
pdfdir='${docdir}'
prefix='/usr/local'
program_transform_name='s,x,x,'
psdir='${docdir}'
runstatedir='${localstatedir}/run'
sbindir='${exec_prefix}/sbin'
sharedstatedir='${prefix}/com'
sysconfdir='${prefix}/etc'
target_alias=''

## ----------- ##
## confdefs.h. ##
## ----------- ##

/* confdefs.h */
#define PACKAGE_NAME "DAW_Demo"
#define PACKAGE_TARNAME "daw_demo"
#define PACKAGE_VERSION "v1.3"
#define PACKAGE_STRING "DAW_Demo v1.3"
#define PACKAGE_BUGREPORT "support.computing@caen.it"
#define PACKAGE_URL ""
#define PACKAGE "daw_demo"
#define VERSION "v1.3"
#define LINUX 1
#define STDC_HEADERS 1
#define HAVE_SYS_TYPES_H 1
#define HAVE_SYS_STAT_H 1
#define HAVE_STDLIB_H 1
#define HAVE_STRING_H 1
#define HAVE_MEMORY_H 1
#define HAVE_STRINGS_H 1
#define HAVE_INTTYPES_H 1
#define HAVE_STDINT_H 1
#define HAVE_UNISTD_H 1

configure: exit 0

## ---------------------- ##
## Running config.status. ##
## ---------------------- ##

This file was extended by DAW_Demo config.status v1.3, which was
generated by GNU Autoconf 2.69.  Invocation command line was

  CONFIG_FILES    = 
  CONFIG_HEADERS  = 
  CONFIG_LINKS    = 
  CONFIG_COMMANDS = 
  $ ./config.status Makefile

on daq-RH411

config.status:775: creating Makefile

## ---------------------- ##
## Running config.status. ##
## ---------------------- ##

This file was extended by DAW_Demo config.status v1.3, which was
generated by GNU Autoconf 2.69.  Invocation command line was

  CONFIG_FILES    = 
  CONFIG_HEADERS  = 
  CONFIG_LINKS    = 
  CONFIG_COMMANDS = 
  $ ./config.status src/Makefile depfiles

on daq-RH411

config.status:775: creating src/Makefile
config.status:947: executing depfiles commands
config.status:1024: cd src       && sed -e '/# am--include-marker/d' Makefile         | make -f - am--depfiles
make[2]: Entering directory '/home/daq/DAQ_DEMO/daw_demo-v1.3-2/src'
make[2]: Nothing to be done for 'am--depfiles'.
make[2]: Leaving directory '/home/daq/DAQ_DEMO/daw_demo-v1.3-2/src'
config.status:1029: $? = 0
